TN:
SF:/Users/gustafbrostedt/Documents/k-cluster-npm/lib/helpers.js
FN:58,(anonymous_1)
FN:71,(anonymous_2)
FNF:2
FNH:2
FNDA:156,(anonymous_1)
FNDA:76,(anonymous_2)
DA:11,1
DA:12,25251
DA:13,25251
DA:14,1
DA:16,25250
DA:17,39702
DA:19,25250
DA:46,1
DA:47,386
DA:48,387
DA:58,1
DA:59,156
DA:60,310
DA:71,1
DA:72,76
DA:73,76
DA:75,76
DA:76,76
DA:78,152
DA:79,76
DA:81,76
DA:82,76
DA:93,1
DA:94,152
DA:95,152
DA:96,805
DA:98,152
DA:101,1
LF:28
LH:28
BRDA:13,1,0,1
BRDA:13,1,1,25250
BRDA:47,2,0,1
BRDA:47,2,1,385
BRDA:59,3,0,1
BRDA:59,3,1,155
BRDA:82,4,0,68
BRDA:82,4,1,8
BRF:8
BRH:8
end_of_record
TN:
SF:/Users/gustafbrostedt/Documents/k-cluster-npm/lib/k-means.js
FNF:0
FNH:0
DA:21,1
DA:22,1
DA:32,1
DA:33,7
DA:34,7
DA:35,362
DA:36,426
DA:37,1
DA:39,425
DA:40,14
DA:42,425
DA:43,0
DA:45,425
DA:46,0
DA:50,6
DA:62,1
DA:63,6
DA:64,6
DA:65,2072
DA:67,6
DA:81,1
DA:82,152
DA:83,152
DA:84,25325
DA:85,6207
DA:86,6207
DA:88,151
DA:100,1
DA:101,147
DA:102,146
DA:103,146
DA:104,783
DA:105,1533
DA:106,1533
DA:107,8396
DA:110,1533
DA:113,146
DA:125,1
DA:126,7
DA:127,6
DA:128,6
DA:129,6
DA:130,147
DA:131,146
DA:132,141
DA:133,141
DA:135,5
DA:138,6
DA:150,1
DA:151,10
DA:152,1
DA:154,9
DA:155,1
DA:157,8
DA:158,1
DA:160,7
DA:161,5
DA:162,5
DA:167,1
LF:59
LH:57
BRDA:36,1,0,1
BRDA:36,1,1,425
BRDA:39,2,0,14
BRDA:39,2,1,411
BRDA:42,3,0,0
BRDA:42,3,1,425
BRDA:45,4,0,0
BRDA:45,4,1,425
BRDA:110,5,0,1533
BRDA:110,5,1,0
BRDA:131,6,0,141
BRDA:131,6,1,5
BRDA:151,7,0,1
BRDA:151,7,1,9
BRDA:154,8,0,1
BRDA:154,8,1,8
BRDA:157,9,0,1
BRDA:157,9,1,7
BRF:18
BRH:15
end_of_record
